<?xml version="1.0" encoding="UTF-8"?>
<testng-results skipped="0" failed="0" total="2" passed="2">
  <reporter-output>
  </reporter-output>
  <suite name="Default suite" duration-ms="84759" started-at="2016-12-15T09:33:48Z" finished-at="2016-12-15T09:35:13Z">
    <groups>
    </groups>
    <test name="Default test" duration-ms="84759" started-at="2016-12-15T09:33:48Z" finished-at="2016-12-15T09:35:13Z">
      <class name="genomicsTest.GenomicsTest2$GenomicsLoginTest">
        <test-method status="PASS" signature="setUp()[pri:0, instance:genomicsTest.GenomicsTest2$GenomicsLoginTest@15ef45a]" name="setUp" is-config="true" duration-ms="17484" started-at="2016-12-15T15:03:30Z" finished-at="2016-12-15T15:03:48Z">
          <reporter-output>
          </reporter-output>
        </test-method> <!-- setUp -->
        <test-method status="PASS" signature="testGenomicsLogin()[pri:0, instance:genomicsTest.GenomicsTest2$GenomicsLoginTest@15ef45a]" name="testGenomicsLogin" duration-ms="5262" started-at="2016-12-15T15:03:48Z" finished-at="2016-12-15T15:03:53Z">
          <reporter-output>
          </reporter-output>
        </test-method> <!-- testGenomicsLogin -->
        <test-method status="PASS" signature="testGenomicsHomePage()[pri:1, instance:genomicsTest.GenomicsTest2$GenomicsLoginTest@15ef45a]" name="testGenomicsHomePage" duration-ms="79478" started-at="2016-12-15T15:03:53Z" finished-at="2016-12-15T15:05:13Z">
          <reporter-output>
          </reporter-output>
        </test-method> <!-- testGenomicsHomePage -->
      </class> <!-- genomicsTest.GenomicsTest2$GenomicsLoginTest -->
    </test> <!-- Default test -->
  </suite> <!-- Default suite -->
</testng-results>
